2018-11-21 13:55:45,073 [INFO] root consoleworker.py:179	/etc/yandex-tank is not accessible to get configs list
2018-11-21 13:55:45,091 [DEBUG] yandextank.core.tankcore tankcore.py:421	Adding artifact file to collect (keep=False): /tmp/tmp9_MlDw_pre-validation-config.yaml
2018-11-21 13:55:45,091 [DEBUG] yandextank.core.tankcore tankcore.py:421	Adding artifact file to collect (keep=False): tank.log
2018-11-21 13:55:45,091 [DEBUG] yandextank.core.tankcore tankcore.py:421	Adding artifact file to collect (keep=False): tank_errors.log
2018-11-21 13:55:45,334 [INFO] yandextank.core.tankcore tankcore.py:174	Loading plugins...
2018-11-21 13:55:45,334 [DEBUG] yandextank.core.tankcore tankcore.py:176	Loading plugin phantom from yandextank.plugins.Phantom
2018-11-21 13:55:45,334 [DEBUG] yandextank.core.tankcore tankcore.py:176	Loading plugin rcheck from yandextank.plugins.ResourceCheck
2018-11-21 13:55:45,334 [DEBUG] yandextank.core.tankcore tankcore.py:176	Loading plugin json_report from yandextank.plugins.JsonReport
2018-11-21 13:55:45,334 [DEBUG] yandextank.core.tankcore tankcore.py:176	Loading plugin rcassert from yandextank.plugins.RCAssert
2018-11-21 13:55:45,334 [DEBUG] yandextank.core.tankcore tankcore.py:176	Loading plugin console from yandextank.plugins.Console
2018-11-21 13:55:45,335 [DEBUG] yandextank.core.tankcore tankcore.py:176	Loading plugin shellexec from yandextank.plugins.ShellExec
2018-11-21 13:55:45,335 [DEBUG] yandextank.core.tankcore tankcore.py:176	Loading plugin autostop from yandextank.plugins.Autostop
2018-11-21 13:55:45,335 [DEBUG] yandextank.core.tankcore tankcore.py:196	Plugin instances: {'plugin_phantom': <yandextank.plugins.Phantom.plugin.Plugin object at 0x7f245b87bdd0>, 'plugin_autostop': <yandextank.plugins.Autostop.plugin.Plugin object at 0x7f245b7c0050>, 'plugin_shellexec': <yandextank.plugins.ShellExec.plugin.Plugin object at 0x7f245b7c0410>, 'plugin_console': <yandextank.plugins.Console.plugin.Plugin object at 0x7f245b7c0450>, 'plugin_rcassert': <yandextank.plugins.RCAssert.plugin.Plugin object at 0x7f245bacd810>, 'plugin_rcheck': <yandextank.plugins.ResourceCheck.plugin.Plugin object at 0x7f245bacd750>, 'plugin_json_report': <yandextank.plugins.JsonReport.plugin.Plugin object at 0x7f245bacd4d0>}
2018-11-21 13:55:45,335 [INFO] yandextank.core.consoleworker consoleworker.py:418	Performing test
2018-11-21 13:55:45,335 [INFO] yandextank.core.tankcore tankcore.py:225	Configuring plugins...
2018-11-21 13:55:45,335 [DEBUG] yandextank.core.tankcore tankcore.py:231	Configuring <yandextank.plugins.Phantom.plugin.Plugin object at 0x7f245b87bdd0>
2018-11-21 13:55:45,335 [DEBUG] yandextank.core.tankcore tankcore.py:366	Searching for plugin: <class 'yandextank.plugins.Autostop.plugin.Plugin'>
2018-11-21 13:55:45,336 [DEBUG] yandextank.core.tankcore tankcore.py:421	Adding artifact file to collect (keep=False): /var/loadtest/logs/answ__JBwj_.log
2018-11-21 13:55:45,336 [DEBUG] yandextank.core.tankcore tankcore.py:421	Adding artifact file to collect (keep=False): /var/loadtest/logs/phout_sS0Xh9.log
2018-11-21 13:55:45,336 [DEBUG] yandextank.core.tankcore tankcore.py:421	Adding artifact file to collect (keep=False): /var/loadtest/logs/phantom_stat_GYBvdE.log
2018-11-21 13:55:45,336 [DEBUG] yandextank.core.tankcore tankcore.py:421	Adding artifact file to collect (keep=False): /var/loadtest/logs/phantom_WjiMMg.log
2018-11-21 13:55:45,336 [DEBUG] yandextank.common.util util.py:470	Trying to resolve address string: 127.0.0.1:8000
2018-11-21 13:55:45,337 [DEBUG] yandextank.common.util util.py:507	Parsing port
2018-11-21 13:55:45,337 [DEBUG] yandextank.common.util util.py:517	Lookup result: [(2, 1, 6, '', ('127.0.0.1', 8000)), (2, 2, 17, '', ('127.0.0.1', 8000)), (2, 3, 0, '', ('127.0.0.1', 8000))]
2018-11-21 13:55:45,337 [INFO] yandextank.common.util util.py:536	Testing connection to resolved address 127.0.0.1 and port 8000
2018-11-21 13:55:45,337 [INFO] yandextank.plugins.Phantom.utils utils.py:278	Resolved 127.0.0.1 into 127.0.0.1:8000
2018-11-21 13:55:45,337 [INFO] yandextank.stepper.main main.py:161	Configuring StepperWrapper...
2018-11-21 13:55:45,337 [DEBUG] yandextank.stepper.main main.py:140	Option ammofile = 
2018-11-21 13:55:45,337 [DEBUG] yandextank.stepper.main main.py:140	Option ammo_type = phantom
2018-11-21 13:55:45,337 [DEBUG] yandextank.stepper.main main.py:140	Option loop = -1
2018-11-21 13:55:45,337 [DEBUG] yandextank.stepper.main main.py:140	Option ammo_limit = -1
2018-11-21 13:55:45,338 [DEBUG] yandextank.stepper.main main.py:140	Option load_profile = {'load_type': 'rps', 'schedule': 'step(1, 9, 2, 4)'}
2018-11-21 13:55:45,338 [DEBUG] yandextank.stepper.main main.py:140	Option instances = 1000
2018-11-21 13:55:45,338 [DEBUG] yandextank.stepper.main main.py:140	Option uris = []
2018-11-21 13:55:45,338 [DEBUG] yandextank.stepper.main main.py:140	Option headers = []
2018-11-21 13:55:45,338 [DEBUG] yandextank.stepper.main main.py:140	Option header_http = 1.0
2018-11-21 13:55:45,338 [DEBUG] yandextank.stepper.main main.py:140	Option autocases = 0
2018-11-21 13:55:45,338 [DEBUG] yandextank.stepper.main main.py:140	Option enum_ammo = False
2018-11-21 13:55:45,338 [DEBUG] yandextank.stepper.main main.py:140	Option use_caching = True
2018-11-21 13:55:45,338 [DEBUG] yandextank.stepper.main main.py:140	Option file_cache = 8192
2018-11-21 13:55:45,338 [DEBUG] yandextank.stepper.main main.py:140	Option cache_dir = None
2018-11-21 13:55:45,338 [DEBUG] yandextank.stepper.main main.py:140	Option force_stepping = 0
2018-11-21 13:55:45,338 [DEBUG] yandextank.stepper.main main.py:140	Option load_profile = {'load_type': 'rps', 'schedule': 'step(1, 9, 2, 4)'}
2018-11-21 13:55:45,338 [DEBUG] yandextank.stepper.main main.py:140	Option chosen_cases = 
2018-11-21 13:55:45,339 [INFO] yandextank.core.consoleworker consoleworker.py:461	Exception: Traceback (most recent call last):
  File "/usr/local/lib/python2.7/dist-packages/yandextank/core/consoleworker.py", line 421, in perform_test
    self.core.plugins_configure()
  File "/usr/local/lib/python2.7/dist-packages/yandextank/core/tankcore.py", line 232, in plugins_configure
    plugin.configure()
  File "/usr/local/lib/python2.7/dist-packages/yandextank/plugins/Phantom/plugin.py", line 70, in configure
    self.phantom_config = self.phantom.config_file
  File "/usr/local/lib/python2.7/dist-packages/yandextank/plugins/Phantom/utils.py", line 106, in config_file
    self._config_file = self.compose_config()
  File "/usr/local/lib/python2.7/dist-packages/yandextank/plugins/Phantom/utils.py", line 114, in compose_config
    streams_config += stream.compose_config()
  File "/usr/local/lib/python2.7/dist-packages/yandextank/plugins/Phantom/utils.py", line 288, in compose_config
    self.stepper_wrapper.prepare_stepper()
  File "/usr/local/lib/python2.7/dist-packages/yandextank/stepper/main.py", line 212, in prepare_stepper
    self.stpd = self.__get_stpd_filename()
  File "/usr/local/lib/python2.7/dist-packages/yandextank/stepper/main.py", line 267, in __get_stpd_filename
    raise RuntimeError("Neither ammofile nor uris specified")
RuntimeError: Neither ammofile nor uris specified

2018-11-21 13:55:45,339 [ERROR] yandextank.core.consoleworker consoleworker.py:463	Neither ammofile nor uris specified
2018-11-21 13:55:45,339 [INFO] yandextank.core.consoleworker consoleworker.py:408	Trying to shutdown gracefully...
2018-11-21 13:55:45,339 [INFO] yandextank.core.tankcore tankcore.py:286	Finishing test...
2018-11-21 13:55:45,339 [INFO] yandextank.core.tankcore tankcore.py:288	Stopping load generator and aggregator
2018-11-21 13:55:45,339 [DEBUG] yandextank.core.tankcore tankcore.py:366	Searching for plugin: <class 'yandextank.plugins.Telegraf.plugin.Plugin'>
2018-11-21 13:55:45,339 [DEBUG] yandextank.core.tankcore tankcore.py:205	Telegraf plugin not found:
Traceback (most recent call last):
  File "/usr/local/lib/python2.7/dist-packages/yandextank/core/tankcore.py", line 203, in job
    mon = self.get_plugin_of_type(TelegrafPlugin)
  File "/usr/local/lib/python2.7/dist-packages/yandextank/core/tankcore.py", line 375, in get_plugin_of_type
    raise KeyError("Requested plugin type not found: %s" % plugin_class)
KeyError: "Requested plugin type not found: <class 'yandextank.plugins.Telegraf.plugin.Plugin'>"
2018-11-21 13:55:45,339 [DEBUG] yandextank.core.tankcore tankcore.py:366	Searching for plugin: <class 'yandextank.common.interfaces.GeneratorPlugin'>
2018-11-21 13:55:45,340 [DEBUG] yandextank.plugins.Phantom.plugin plugin.py:173	Seems phantom finished OK
2018-11-21 13:55:45,340 [DEBUG] yandextank.aggregator.tank_aggregator tank_aggregator.py:87	Data timestamps: []
2018-11-21 13:55:45,340 [DEBUG] yandextank.aggregator.tank_aggregator tank_aggregator.py:88	Stats timestamps: []
2018-11-21 13:55:45,340 [DEBUG] yandextank.core.tankcore tankcore.py:290	RC after: 1
2018-11-21 13:55:45,340 [DEBUG] yandextank.core.tankcore tankcore.py:292	Finalize <yandextank.plugins.Autostop.plugin.Plugin object at 0x7f245b7c0050>
2018-11-21 13:55:45,340 [DEBUG] yandextank.core.tankcore tankcore.py:294	RC before: 1
2018-11-21 13:55:45,340 [DEBUG] yandextank.core.tankcore tankcore.py:296	RC after: 1
2018-11-21 13:55:45,340 [DEBUG] yandextank.core.tankcore tankcore.py:292	Finalize <yandextank.plugins.ShellExec.plugin.Plugin object at 0x7f245b7c0410>
2018-11-21 13:55:45,341 [DEBUG] yandextank.core.tankcore tankcore.py:294	RC before: 1
2018-11-21 13:55:45,341 [DEBUG] yandextank.core.tankcore tankcore.py:296	RC after: 1
2018-11-21 13:55:45,341 [DEBUG] yandextank.core.tankcore tankcore.py:292	Finalize <yandextank.plugins.Console.plugin.Plugin object at 0x7f245b7c0450>
2018-11-21 13:55:45,341 [DEBUG] yandextank.core.tankcore tankcore.py:294	RC before: 1
2018-11-21 13:55:45,341 [DEBUG] yandextank.core.tankcore tankcore.py:296	RC after: 1
2018-11-21 13:55:45,341 [DEBUG] yandextank.core.tankcore tankcore.py:292	Finalize <yandextank.plugins.RCAssert.plugin.Plugin object at 0x7f245bacd810>
2018-11-21 13:55:45,341 [DEBUG] yandextank.core.tankcore tankcore.py:294	RC before: 1
2018-11-21 13:55:45,341 [DEBUG] yandextank.core.tankcore tankcore.py:296	RC after: 1
2018-11-21 13:55:45,341 [DEBUG] yandextank.core.tankcore tankcore.py:292	Finalize <yandextank.plugins.ResourceCheck.plugin.Plugin object at 0x7f245bacd750>
2018-11-21 13:55:45,341 [DEBUG] yandextank.core.tankcore tankcore.py:294	RC before: 1
2018-11-21 13:55:45,341 [DEBUG] yandextank.core.tankcore tankcore.py:296	RC after: 1
2018-11-21 13:55:45,341 [DEBUG] yandextank.core.tankcore tankcore.py:292	Finalize <yandextank.plugins.JsonReport.plugin.Plugin object at 0x7f245bacd4d0>
2018-11-21 13:55:45,342 [DEBUG] yandextank.core.tankcore tankcore.py:294	RC before: 1
2018-11-21 13:55:45,342 [DEBUG] yandextank.core.tankcore tankcore.py:296	RC after: 1
2018-11-21 13:55:45,342 [INFO] yandextank.core.tankcore tankcore.py:307	Post-processing test...
2018-11-21 13:55:45,342 [DEBUG] yandextank.core.tankcore tankcore.py:310	Post-process <yandextank.plugins.Phantom.plugin.Plugin object at 0x7f245b87bdd0>
2018-11-21 13:55:45,342 [DEBUG] yandextank.core.tankcore tankcore.py:312	RC before: 1
2018-11-21 13:55:45,342 [DEBUG] yandextank.core.tankcore tankcore.py:314	RC after: 1
2018-11-21 13:55:45,342 [DEBUG] yandextank.core.tankcore tankcore.py:310	Post-process <yandextank.plugins.Autostop.plugin.Plugin object at 0x7f245b7c0050>
2018-11-21 13:55:45,342 [DEBUG] yandextank.core.tankcore tankcore.py:312	RC before: 1
2018-11-21 13:55:45,342 [DEBUG] yandextank.core.tankcore tankcore.py:314	RC after: 1
2018-11-21 13:55:45,342 [DEBUG] yandextank.core.tankcore tankcore.py:310	Post-process <yandextank.plugins.ShellExec.plugin.Plugin object at 0x7f245b7c0410>
2018-11-21 13:55:45,342 [DEBUG] yandextank.core.tankcore tankcore.py:312	RC before: 1
2018-11-21 13:55:45,342 [DEBUG] yandextank.core.tankcore tankcore.py:314	RC after: 1
2018-11-21 13:55:45,342 [DEBUG] yandextank.core.tankcore tankcore.py:310	Post-process <yandextank.plugins.Console.plugin.Plugin object at 0x7f245b7c0450>
2018-11-21 13:55:45,342 [DEBUG] yandextank.core.tankcore tankcore.py:312	RC before: 1
2018-11-21 13:55:45,342 [DEBUG] yandextank.core.tankcore tankcore.py:314	RC after: 1
2018-11-21 13:55:45,342 [DEBUG] yandextank.core.tankcore tankcore.py:310	Post-process <yandextank.plugins.RCAssert.plugin.Plugin object at 0x7f245bacd810>
2018-11-21 13:55:45,342 [DEBUG] yandextank.core.tankcore tankcore.py:312	RC before: 1
2018-11-21 13:55:45,342 [DEBUG] yandextank.core.tankcore tankcore.py:314	RC after: 1
2018-11-21 13:55:45,342 [DEBUG] yandextank.core.tankcore tankcore.py:310	Post-process <yandextank.plugins.ResourceCheck.plugin.Plugin object at 0x7f245bacd750>
2018-11-21 13:55:45,342 [DEBUG] yandextank.core.tankcore tankcore.py:312	RC before: 1
2018-11-21 13:55:45,343 [DEBUG] yandextank.core.tankcore tankcore.py:314	RC after: 1
2018-11-21 13:55:45,343 [DEBUG] yandextank.core.tankcore tankcore.py:310	Post-process <yandextank.plugins.JsonReport.plugin.Plugin object at 0x7f245bacd4d0>
2018-11-21 13:55:45,343 [DEBUG] yandextank.core.tankcore tankcore.py:312	RC before: 1
2018-11-21 13:55:45,343 [DEBUG] yandextank.core.tankcore tankcore.py:314	RC after: 1
2018-11-21 13:55:45,343 [DEBUG] yandextank.core.tankcore tankcore.py:342	Collecting artifacts
2018-11-21 13:55:45,343 [INFO] yandextank.core.tankcore tankcore.py:343	Artifacts dir: /var/loadtest/logs/2018-11-21_13-55-45.EsmdSe
2018-11-21 13:55:45,343 [DEBUG] yandextank.core.tankcore tankcore.py:397	Collecting file: /var/loadtest/logs/answ__JBwj_.log to /var/loadtest/logs/2018-11-21_13-55-45.EsmdSe/answ__JBwj_.log
2018-11-21 13:55:45,343 [DEBUG] yandextank.core.tankcore tankcore.py:397	Collecting file: /tmp/tmp9_MlDw_pre-validation-config.yaml to /var/loadtest/logs/2018-11-21_13-55-45.EsmdSe/tmp9_MlDw_pre-validation-config.yaml
2018-11-21 13:55:45,343 [DEBUG] yandextank.core.tankcore tankcore.py:397	Collecting file: tank_errors.log to /var/loadtest/logs/2018-11-21_13-55-45.EsmdSe/tank_errors.log
2018-11-21 13:55:45,343 [DEBUG] yandextank.core.tankcore tankcore.py:397	Collecting file: /var/loadtest/logs/phantom_WjiMMg.log to /var/loadtest/logs/2018-11-21_13-55-45.EsmdSe/phantom_WjiMMg.log
2018-11-21 13:55:45,343 [DEBUG] yandextank.core.tankcore tankcore.py:397	Collecting file: /var/loadtest/logs/phout_sS0Xh9.log to /var/loadtest/logs/2018-11-21_13-55-45.EsmdSe/phout_sS0Xh9.log
2018-11-21 13:55:45,344 [DEBUG] yandextank.core.tankcore tankcore.py:397	Collecting file: /var/loadtest/logs/phantom_stat_GYBvdE.log to /var/loadtest/logs/2018-11-21_13-55-45.EsmdSe/phantom_stat_GYBvdE.log
2018-11-21 13:55:45,344 [DEBUG] yandextank.core.tankcore tankcore.py:397	Collecting file: tank.log to /var/loadtest/logs/2018-11-21_13-55-45.EsmdSe/tank.log
2018-11-21 13:55:45,344 [INFO] yandextank.core.consoleworker consoleworker.py:411	Done graceful shutdown
2018-11-21 13:55:45,344 [DEBUG] yandextank.core.tankcore tankcore.py:461	Releasing lock: /var/lock/lunapark_PWET4f.lock
2018-11-21 13:55:45,344 [INFO] yandextank.core.tankcore tankcore.py:514	Close allocated resources...
2018-11-21 13:55:45,344 [DEBUG] yandextank.core.tankcore tankcore.py:517	Close <yandextank.plugins.Phantom.plugin.Plugin object at 0x7f245b87bdd0>
2018-11-21 13:55:45,344 [DEBUG] yandextank.core.tankcore tankcore.py:517	Close <yandextank.plugins.Autostop.plugin.Plugin object at 0x7f245b7c0050>
2018-11-21 13:55:45,344 [DEBUG] yandextank.core.tankcore tankcore.py:517	Close <yandextank.plugins.ShellExec.plugin.Plugin object at 0x7f245b7c0410>
2018-11-21 13:55:45,344 [DEBUG] yandextank.core.tankcore tankcore.py:517	Close <yandextank.plugins.Console.plugin.Plugin object at 0x7f245b7c0450>
2018-11-21 13:55:45,344 [DEBUG] yandextank.core.tankcore tankcore.py:517	Close <yandextank.plugins.RCAssert.plugin.Plugin object at 0x7f245bacd810>
2018-11-21 13:55:45,344 [DEBUG] yandextank.core.tankcore tankcore.py:517	Close <yandextank.plugins.ResourceCheck.plugin.Plugin object at 0x7f245bacd750>
2018-11-21 13:55:45,344 [DEBUG] yandextank.core.tankcore tankcore.py:517	Close <yandextank.plugins.JsonReport.plugin.Plugin object at 0x7f245bacd4d0>
2018-11-21 13:55:45,344 [INFO] yandextank.core.consoleworker consoleworker.py:471	Done performing test with code 1
