1542808846.302	minkomsvyaz.user_order.previous-conviction-status-post	6906	3933	49	2852	72	6709	1289	3406	0	404
1542808847.302	roskazna.gmp.export-payments-post	18151	343	67	17316	425	17638	315	3343	0	404
1542808848.302	minkomsvyaz.esia.register-account-post	9038	348	92	8431	167	8547	464	3358	0	404
1542808849.303	minkomsvyaz.esia.delete-account-post	14481	277	69	13827	308	13977	584	3352	0	404
1542808850.303	roskazna.gmp.export-charges-post	10612	247	80	10167	118	10236	318	3340	0	404
1542808850.636	minkomsvyaz.esia.recover-account-post	11666	226	61	11089	290	11234	629	3355	0	404
1542808850.969	minkomsvyaz.esia.register-child-account-post	12613	277	66	11878	392	12114	589	3376	0	404
1542808851.302	minkomsvyaz.esia.register-certificate-post	12010	277	66	11367	300	11514	340	3370	0	404
1542808851.636	roskazna.gmp.import-payments-post	11940	229	61	11250	400	11469	980	3343	0	404
1542808851.969	minkomsvyaz.user_order.pension-status-post	11760	264	62	11211	223	11314	444	3370	0	404
1542808852.302	minkomsvyaz.esia.confirm-account-post	3978	111	27	3733	107	3788	392	3355	0	404
1542808852.636	minkomsvyaz.esia.register-by-simplified-account-post	12102	250	84	11443	325	11640	738	3400	0	404
1542808852.968	roskazna.gmp.export-quittances-post	12142	225	63	11685	169	11688	321	3349	0	404
1542808853.303	rtk.ebs.register-biometric-data-post	12411	304	67	11637	403	11868	877	3352	0	404
1542808853.635	minkomsvyaz.user_order.change-pension-fund-post	11875	252	70	11379	174	11383	1526	3385	0	404
1542808853.969	minkomsvyaz.esia.find-account-post	12517	245	64	11955	253	12087	346	3346	0	404
1542808854.303	minkomsvyaz.user_order.set-pension-post	11971	252	81	11366	272	11513	2351	3361	0	404
1542808854.502	minkomsvyaz.user_order.previous-conviction-status-post	11595	261	84	11011	239	11130	1289	3406	0	404
1542808854.702	roskazna.gmp.export-payments-post	11890	251	65	11288	286	11455	315	3343	0	404
1542808854.903	minkomsvyaz.esia.register-account-post	11926	227	60	11435	204	11526	464	3358	0	404
1542808855.102	minkomsvyaz.esia.delete-account-post	11850	231	62	11249	308	11407	584	3352	0	404
1542808855.302	roskazna.gmp.export-charges-post	3482	92	17	3275	98	3341	318	3340	0	404
1542808855.502	minkomsvyaz.esia.recover-account-post	6619	183	44	6224	168	6339	629	3355	0	404
1542808855.702	minkomsvyaz.esia.register-child-account-post	11943	238	62	11404	239	11524	589	3376	0	404
1542808855.902	minkomsvyaz.esia.register-certificate-post	11815	212	70	11233	300	11385	340	3370	0	404
1542808856.103	roskazna.gmp.import-payments-post	11801	231	78	11311	181	11332	980	3343	0	404
1542808856.302	minkomsvyaz.user_order.pension-status-post	12028	285	84	11485	174	11490	444	3370	0	404
1542808856.502	minkomsvyaz.esia.confirm-account-post	11892	225	60	11369	238	11488	392	3355	0	404
1542808856.703	minkomsvyaz.esia.register-by-simplified-account-post	12073	228	63	11546	236	11603	738	3400	0	404
1542808856.902	roskazna.gmp.export-quittances-post	3256	73	16	3066	101	3121	321	3349	0	404
1542808857.103	rtk.ebs.register-biometric-data-post	3035	77	15	2852	91	2900	877	3352	0	404
1542808857.302	minkomsvyaz.user_order.change-pension-fund-post	12523	250	69	11897	307	12068	1526	3385	0	404
1542808857.502	minkomsvyaz.esia.find-account-post	12216	233	62	11526	395	11748	346	3346	0	404
1542808857.702	minkomsvyaz.user_order.set-pension-post	12728	250	83	12108	287	12268	2351	3361	0	404
1542808857.902	minkomsvyaz.user_order.previous-conviction-status-post	12041	238	64	11450	289	11606	1289	3406	0	404
1542808858.102	roskazna.gmp.export-payments-post	12027	230	77	11481	239	11590	315	3343	0	404
1542808858.303	minkomsvyaz.esia.register-account-post	12041	259	86	11446	250	11578	464	3358	0	404
1542808858.445	minkomsvyaz.esia.delete-account-post	3683	89	19	3422	153	3533	584	3352	0	404
1542808858.588	roskazna.gmp.export-charges-post	12733	296	67	12036	334	12196	318	3340	0	404
1542808858.730	minkomsvyaz.esia.recover-account-post	11878	243	66	11324	245	11439	629	3355	0	404
1542808858.874	minkomsvyaz.esia.register-child-account-post	4711	103	24	4527	57	4528	589	3376	0	404
1542808859.016	minkomsvyaz.esia.register-certificate-post	11853	236	74	11241	302	11420	340	3370	0	404
1542808859.160	roskazna.gmp.import-payments-post	12676	259	87	12028	302	12183	980	3343	0	404
1542808859.303	minkomsvyaz.user_order.pension-status-post	12066	225	60	11498	283	11642	444	3370	0	404
1542808859.444	minkomsvyaz.esia.confirm-account-post	11813	226	61	11379	147	11447	392	3355	0	404
1542808859.587	minkomsvyaz.esia.register-by-simplified-account-post	12197	247	65	11484	401	11708	738	3400	0	404
1542808859.731	roskazna.gmp.export-quittances-post	11785	234	61	11197	293	11333	321	3349	0	404
1542808859.873	rtk.ebs.register-biometric-data-post	4195	93	26	3981	95	4031	877	3352	0	404
1542808860.016	minkomsvyaz.user_order.change-pension-fund-post	12658	232	68	11990	368	12144	1526	3385	0	404
1542808860.160	minkomsvyaz.esia.find-account-post	12822	227	77	12275	243	12394	346	3346	0	404
1542808860.302	minkomsvyaz.user_order.set-pension-post	11864	233	75	11384	172	11388	2351	3361	0	404
1542808860.445	minkomsvyaz.user_order.previous-conviction-status-post	12771	248	72	12170	281	12319	1289	3406	0	404
1542808860.587	roskazna.gmp.export-payments-post	6118	117	30	5705	266	5879	315	3343	0	404
1542808860.731	minkomsvyaz.esia.register-account-post	13137	248	83	12566	240	12660	464	3358	0	404
1542808860.873	minkomsvyaz.esia.delete-account-post	4499	121	33	4253	92	4301	584	3352	0	404
1542808861.017	roskazna.gmp.export-charges-post	11988	223	61	11456	248	11577	318	3340	0	404
1542808861.160	minkomsvyaz.esia.recover-account-post	11421	225	61	10893	242	11005	629	3355	0	404
1542808861.303	minkomsvyaz.esia.register-child-account-post	12521	287	74	11909	251	12043	589	3376	0	404
1542808861.445	minkomsvyaz.esia.register-certificate-post	11904	234	79	11294	297	11454	340	3370	0	404
1542808861.587	roskazna.gmp.import-payments-post	4055	90	21	3911	33	3911	980	3343	0	404
1542808861.730	minkomsvyaz.user_order.pension-status-post	13089	243	61	12365	420	12590	444	3370	0	404
1542808861.873	minkomsvyaz.esia.confirm-account-post	14184	243	80	13558	303	13722	392	3355	0	404
1542808862.017	minkomsvyaz.esia.register-by-simplified-account-post	11568	239	82	10980	267	11130	738	3400	0	404
1542808862.159	roskazna.gmp.export-quittances-post	12499	201	87	11781	430	12068	321	3349	0	404
1542808862.303	rtk.ebs.register-biometric-data-post	12025	392	67	11278	288	11609	877	3352	0	404
1542808862.414	minkomsvyaz.user_order.change-pension-fund-post	11605	237	87	10973	308	11103	1526	3385	0	404
1542808862.525	minkomsvyaz.esia.find-account-post	11910	232	62	11422	194	11424	346	3346	0	404
1542808862.635	minkomsvyaz.user_order.set-pension-post	3943	89	31	3708	115	3780	2351	3361	0	404
1542808862.746	minkomsvyaz.user_order.previous-conviction-status-post	11953	230	69	11413	241	11528	1289	3406	0	404
1542808862.858	roskazna.gmp.export-payments-post	8708	228	76	8199	205	8351	315	3343	0	404
1542808862.968	minkomsvyaz.esia.register-account-post	11987	223	62	11461	241	11584	464	3358	0	404
1542808863.079	minkomsvyaz.esia.delete-account-post	11847	261	63	11286	237	11405	584	3352	0	404
1542808863.191	roskazna.gmp.export-charges-post	12259	224	61	11724	250	11848	318	3340	0	404
1542808863.303	minkomsvyaz.esia.recover-account-post	11624	268	67	11092	197	11098	629	3355	0	404
1542808863.413	minkomsvyaz.esia.register-child-account-post	6505	136	31	6134	204	6278	589	3376	0	404
1542808863.524	minkomsvyaz.esia.register-certificate-post	11944	225	60	11384	275	11531	340	3370	0	404
1542808863.635	roskazna.gmp.import-payments-post	11946	243	61	11391	251	11523	980	3343	0	404
1542808863.747	minkomsvyaz.user_order.pension-status-post	3680	303	19	3317	41	3324	444	3370	0	404
1542808863.857	minkomsvyaz.esia.confirm-account-post	10743	234	85	10266	158	10346	392	3355	0	404
1542808863.968	minkomsvyaz.esia.register-by-simplified-account-post	12036	228	62	11514	232	11567	738	3400	0	404
1542808864.080	roskazna.gmp.export-quittances-post	11920	235	79	11359	247	11449	321	3349	0	404
1542808864.191	rtk.ebs.register-biometric-data-post	4068	90	20	3908	50	3923	877	3352	0	404
1542808864.302	minkomsvyaz.user_order.change-pension-fund-post	11813	415	76	10956	366	11373	1526	3385	0	404
1542808864.413	minkomsvyaz.esia.find-account-post	12838	242	63	12272	261	12404	346	3346	0	404
1542808864.524	minkomsvyaz.user_order.set-pension-post	12947	252	73	12211	411	12472	2351	3361	0	404
1542808864.635	minkomsvyaz.user_order.previous-conviction-status-post	11655	236	68	11158	193	11256	1289	3406	0	404
1542808864.746	roskazna.gmp.export-payments-post	5723	152	39	5381	151	5467	315	3343	0	404
1542808864.858	minkomsvyaz.esia.register-account-post	4427	111	28	4184	104	4249	464	3358	0	404
1542808864.968	minkomsvyaz.esia.delete-account-post	5860	125	35	5581	119	5629	584	3352	0	404
1542808865.080	roskazna.gmp.export-charges-post	11802	227	61	11111	403	11343	318	3340	0	404
1542808865.190	minkomsvyaz.esia.recover-account-post	12976	247	84	12229	416	12471	629	3355	0	404
1542808865.302	minkomsvyaz.esia.register-child-account-post	13350	232	62	12594	462	12876	589	3376	0	404
1542808865.413	minkomsvyaz.esia.register-certificate-post	14091	237	62	13444	348	13649	340	3370	0	404
1542808865.525	roskazna.gmp.import-payments-post	10760	252	66	10235	207	10340	980	3343	0	404
1542808865.635	minkomsvyaz.user_order.pension-status-post	12327	257	70	11565	435	11848	444	3370	0	404
1542808865.746	minkomsvyaz.esia.confirm-account-post	12961	232	64	12363	302	12494	392	3355	0	404
1542808865.857	minkomsvyaz.esia.register-by-simplified-account-post	3817	82	19	3635	81	3677	738	3400	0	404
1542808865.969	roskazna.gmp.export-quittances-post	12167	235	62	11544	326	11729	321	3349	0	404
1542808866.079	rtk.ebs.register-biometric-data-post	11717	205	61	11148	303	11301	877	3352	0	404
1542808866.191	minkomsvyaz.user_order.change-pension-fund-post	11573	226	67	11002	278	11163	1526	3385	0	404
