1542809089.317	minkomsvyaz.user_order.previous-conviction-status-post	8179	3710	80	4280	109	7970	1289	3406	0	404
1542809090.318	roskazna.gmp.export-payments-post	3216	134	25	2986	71	3028	315	3343	0	404
1542809091.318	minkomsvyaz.esia.register-account-post	3323	148	21	3084	70	3131	464	3358	0	404
1542809092.318	minkomsvyaz.esia.delete-account-post	4222	214	28	3876	104	4019	584	3352	0	404
1542809093.317	roskazna.gmp.export-charges-post	3696	100	24	3488	84	3512	318	3340	0	404
1542809093.651	minkomsvyaz.esia.recover-account-post	3369	79	21	3192	77	3223	629	3355	0	404
1542809093.983	minkomsvyaz.esia.register-child-account-post	3250	80	43	3057	70	3085	589	3376	0	404
1542809094.318	minkomsvyaz.esia.register-certificate-post	3335	84	20	3120	111	3172	340	3370	0	404
1542809094.650	roskazna.gmp.import-payments-post	3096	68	36	2965	27	2966	980	3343	0	404
1542809094.984	minkomsvyaz.user_order.pension-status-post	5061	67	39	4843	112	4900	444	3370	0	404
1542809095.318	minkomsvyaz.esia.confirm-account-post	3128	114	25	2918	71	2962	392	3355	0	404
1542809095.651	minkomsvyaz.esia.register-by-simplified-account-post	3059	65	15	2932	47	2950	738	3400	0	404
1542809095.983	roskazna.gmp.export-quittances-post	5279	108	39	5044	88	5099	321	3349	0	404
1542809096.317	rtk.ebs.register-biometric-data-post	3085	81	17	2918	69	2955	877	3352	0	404
1542809096.651	minkomsvyaz.user_order.change-pension-fund-post	3212	78	26	3038	70	3071	1526	3385	0	404
1542809096.984	minkomsvyaz.esia.find-account-post	4596	71	16	4433	76	4460	346	3346	0	404
1542809097.318	minkomsvyaz.user_order.set-pension-post	3338	85	27	3177	49	3195	2351	3361	0	404
1542809097.517	minkomsvyaz.user_order.previous-conviction-status-post	5717	78	19	5499	121	5561	1289	3406	0	404
1542809097.718	roskazna.gmp.export-payments-post	3017	80	19	2823	95	2874	315	3343	0	404
1542809097.918	minkomsvyaz.esia.register-account-post	3271	86	21	3046	118	3133	464	3358	0	404
1542809098.117	minkomsvyaz.esia.delete-account-post	3375	74	18	3173	110	3239	584	3352	0	404
1542809098.318	roskazna.gmp.export-charges-post	5492	193	47	5129	123	5213	318	3340	0	404
1542809098.518	minkomsvyaz.esia.recover-account-post	6689	80	17	6502	90	6552	629	3355	0	404
1542809098.718	minkomsvyaz.esia.register-child-account-post	3510	102	24	3304	80	3338	589	3376	0	404
1542809098.917	minkomsvyaz.esia.register-certificate-post	3349	91	23	3143	92	3193	340	3370	0	404
1542809099.118	roskazna.gmp.import-payments-post	3090	78	23	2914	75	2946	980	3343	0	404
1542809099.317	minkomsvyaz.user_order.pension-status-post	3291	72	20	3068	131	3163	444	3370	0	404
1542809099.517	minkomsvyaz.esia.confirm-account-post	4643	86	20	4279	258	4336	392	3355	0	404
1542809099.718	minkomsvyaz.esia.register-by-simplified-account-post	3380	87	24	3192	77	3232	738	3400	0	404
1542809099.917	roskazna.gmp.export-quittances-post	3102	65	14	2949	74	2983	321	3349	0	404
1542809100.118	rtk.ebs.register-biometric-data-post	3121	78	20	2942	81	2981	877	3352	0	404
1542809100.318	minkomsvyaz.user_order.change-pension-fund-post	3680	107	27	3432	114	3503	1526	3385	0	404
1542809100.518	minkomsvyaz.esia.find-account-post	3662	87	18	3472	85	3498	346	3346	0	404
1542809100.717	minkomsvyaz.user_order.set-pension-post	3145	91	27	2993	34	2997	2351	3361	0	404
1542809100.918	minkomsvyaz.user_order.previous-conviction-status-post	3279	88	23	3083	85	3112	1289	3406	0	404
1542809101.117	roskazna.gmp.export-payments-post	3253	80	16	3061	96	3115	315	3343	0	404
1542809101.317	minkomsvyaz.esia.register-account-post	2956	72	16	2783	85	2826	464	3358	0	404
1542809101.460	minkomsvyaz.esia.delete-account-post	3134	82	19	3008	25	3010	584	3352	0	404
1542809101.603	roskazna.gmp.export-charges-post	3345	82	21	3169	73	3207	318	3340	0	404
1542809101.746	minkomsvyaz.esia.recover-account-post	3220	82	20	3045	73	3079	629	3355	0	404
1542809101.888	minkomsvyaz.esia.register-child-account-post	3237	77	16	3045	99	3111	589	3376	0	404
1542809102.032	minkomsvyaz.esia.register-certificate-post	3524	86	20	3341	77	3381	340	3370	0	404
1542809102.175	roskazna.gmp.import-payments-post	4983	80	22	4772	109	4835	980	3343	0	404
1542809102.318	minkomsvyaz.user_order.pension-status-post	3231	78	19	3063	71	3099	444	3370	0	404
1542809102.459	minkomsvyaz.esia.confirm-account-post	3277	78	17	3106	76	3137	392	3355	0	404
1542809102.603	minkomsvyaz.esia.register-by-simplified-account-post	3101	72	18	2937	74	2969	738	3400	0	404
1542809102.746	roskazna.gmp.export-quittances-post	3197	82	17	3026	72	3063	321	3349	0	404
1542809102.889	rtk.ebs.register-biometric-data-post	3029	79	34	2849	67	2883	877	3352	0	404
1542809103.032	minkomsvyaz.user_order.change-pension-fund-post	3318	91	23	3098	106	3152	1526	3385	0	404
1542809103.175	minkomsvyaz.esia.find-account-post	3256	105	22	3064	65	3089	346	3346	0	404
1542809103.318	minkomsvyaz.user_order.set-pension-post	4079	92	23	3857	107	3919	2351	3361	0	404
1542809103.460	minkomsvyaz.user_order.previous-conviction-status-post	3205	96	26	3014	69	3047	1289	3406	0	404
1542809103.602	roskazna.gmp.export-payments-post	3094	68	16	2942	68	2976	315	3343	0	404
1542809103.746	minkomsvyaz.esia.register-account-post	3135	80	17	2952	86	3011	464	3358	0	404
1542809103.889	minkomsvyaz.esia.delete-account-post	3128	81	18	2935	94	2983	584	3352	0	404
1542809104.032	roskazna.gmp.export-charges-post	3100	79	19	2960	42	2960	318	3340	0	404
1542809104.175	minkomsvyaz.esia.recover-account-post	3381	88	21	3243	29	3245	629	3355	0	404
1542809104.318	minkomsvyaz.esia.register-child-account-post	3183	121	20	2979	63	3008	589	3376	0	404
1542809104.460	minkomsvyaz.esia.register-certificate-post	3196	80	16	2997	103	3057	340	3370	0	404
1542809104.602	roskazna.gmp.import-payments-post	3424	66	16	3248	94	3306	980	3343	0	404
1542809104.745	minkomsvyaz.user_order.pension-status-post	3248	78	17	3073	80	3119	444	3370	0	404
1542809104.888	minkomsvyaz.esia.confirm-account-post	3341	100	22	3145	74	3184	392	3355	0	404
1542809105.031	minkomsvyaz.esia.register-by-simplified-account-post	3249	73	18	3088	70	3121	738	3400	0	404
1542809105.175	roskazna.gmp.export-quittances-post	3099	87	23	2943	46	2960	321	3349	0	404
1542809105.318	rtk.ebs.register-biometric-data-post	3118	74	16	2933	95	2983	877	3352	0	404
1542809105.429	minkomsvyaz.user_order.change-pension-fund-post	3286	84	24	3136	42	3148	1526	3385	0	404
1542809105.539	minkomsvyaz.esia.find-account-post	3999	114	24	3771	90	3798	346	3346	0	404
1542809105.651	minkomsvyaz.user_order.set-pension-post	3104	79	19	2910	96	2961	2351	3361	0	404
1542809105.762	minkomsvyaz.user_order.previous-conviction-status-post	3570	74	19	3390	87	3425	1289	3406	0	404
1542809105.873	roskazna.gmp.export-payments-post	3230	78	20	3047	85	3103	315	3343	0	404
1542809105.983	minkomsvyaz.esia.register-account-post	3356	78	20	3233	25	3234	464	3358	0	404
1542809106.095	minkomsvyaz.esia.delete-account-post	3227	85	19	3045	78	3088	584	3352	0	404
1542809106.206	roskazna.gmp.export-charges-post	3248	77	16	3082	73	3116	318	3340	0	404
1542809106.317	minkomsvyaz.esia.recover-account-post	3316	90	35	3097	94	3151	629	3355	0	404
1542809106.429	minkomsvyaz.esia.register-child-account-post	3264	88	18	3082	76	3111	589	3376	0	404
1542809106.539	minkomsvyaz.esia.register-certificate-post	4048	87	20	3849	92	3869	340	3370	0	404
1542809106.650	roskazna.gmp.import-payments-post	3146	102	22	2945	77	2979	980	3343	0	404
1542809106.761	minkomsvyaz.user_order.pension-status-post	3480	80	36	3269	95	3319	444	3370	0	404
1542809106.873	minkomsvyaz.esia.confirm-account-post	3116	82	17	2980	37	2980	392	3355	0	404
1542809106.984	minkomsvyaz.esia.register-by-simplified-account-post	3072	72	16	2882	102	2936	738	3400	0	404
1542809107.094	roskazna.gmp.export-quittances-post	3186	81	20	2992	93	3042	321	3349	0	404
1542809107.205	rtk.ebs.register-biometric-data-post	3296	78	36	3084	98	3137	877	3352	0	404
1542809107.317	minkomsvyaz.user_order.change-pension-fund-post	3203	80	20	3013	90	3061	1526	3385	0	404
1542809107.428	minkomsvyaz.esia.find-account-post	3150	70	17	2994	69	3029	346	3346	0	404
1542809107.540	minkomsvyaz.user_order.set-pension-post	3221	93	25	3025	78	3055	2351	3361	0	404
1542809107.650	minkomsvyaz.user_order.previous-conviction-status-post	3302	78	18	3131	75	3165	1289	3406	0	404
1542809107.762	roskazna.gmp.export-payments-post	3206	81	17	3041	67	3069	315	3343	0	404
1542809107.873	minkomsvyaz.esia.register-account-post	3292	83	20	3006	183	3140	464	3358	0	404
1542809107.984	minkomsvyaz.esia.delete-account-post	3262	96	20	3074	72	3112	584	3352	0	404
1542809108.095	roskazna.gmp.export-charges-post	3191	83	18	3013	77	3044	318	3340	0	404
1542809108.205	minkomsvyaz.esia.recover-account-post	3132	70	17	2948	97	2999	629	3355	0	404
1542809108.317	minkomsvyaz.esia.register-child-account-post	3166	81	21	2993	71	3032	589	3376	0	404
1542809108.428	minkomsvyaz.esia.register-certificate-post	3114	83	19	2942	70	2976	340	3370	0	404
1542809108.539	roskazna.gmp.import-payments-post	3300	91	21	3142	46	3153	980	3343	0	404
1542809108.651	minkomsvyaz.user_order.pension-status-post	4842	187	57	4520	78	4560	444	3370	0	404
1542809108.761	minkomsvyaz.esia.confirm-account-post	3368	97	23	3175	73	3204	392	3355	0	404
1542809108.872	minkomsvyaz.esia.register-by-simplified-account-post	3385	102	22	3099	162	3226	738	3400	0	404
1542809108.984	roskazna.gmp.export-quittances-post	3069	84	18	2862	105	2911	321	3349	0	404
1542809109.094	rtk.ebs.register-biometric-data-post	3342	83	17	3142	100	3208	877	3352	0	404
1542809109.206	minkomsvyaz.user_order.change-pension-fund-post	3093	80	23	2944	46	2963	1526	3385	0	404
