1542806610.557	minkomsvyaz.user_order.previous-conviction-status-post	72678	170	43	72029	436	72324	1292	64467	0	400
1542806611.549	roskazna.gmp.export-payments-post	56586	291	78	55866	351	56107	318	64235	0	400
1542806612.526	minkomsvyaz.esia.register-account-post	56131	293	67	55411	360	55662	467	64290	0	400
1542806613.492	minkomsvyaz.esia.delete-account-post	57184	282	67	56467	368	56704	587	64268	0	400
1542806614.442	roskazna.gmp.export-charges-post	57120	264	68	56412	376	56630	321	64224	0	400
1542806615.382	minkomsvyaz.esia.recover-account-post	34757	161	41	34211	344	34454	632	64279	0	400
1542806616.308	minkomsvyaz.esia.register-child-account-post	56683	258	66	56000	359	56260	592	64356	0	400
1542806617.222	minkomsvyaz.esia.register-certificate-post	58089	269	64	57353	403	57634	343	64334	0	400
1542806618.127	roskazna.gmp.import-payments-post	57649	260	65	56963	361	57224	983	64235	0	400
1542806619.019	minkomsvyaz.user_order.pension-status-post	56277	245	64	55586	382	55826	447	64334	0	400
1542806619.902	minkomsvyaz.esia.confirm-account-post	57445	252	64	56739	390	57020	395	64279	0	400
1542806620.774	minkomsvyaz.esia.register-by-simplified-account-post	55536	238	65	54880	353	55140	741	64444	0	400
1542806621.635	roskazna.gmp.export-quittances-post	26670	89	19	26174	388	26441	324	64257	0	400
1542806622.488	rtk.ebs.register-biometric-data-post	55528	238	64	54857	369	55118	880	64268	0	400
1542806623.331	minkomsvyaz.user_order.change-pension-fund-post	58504	239	82	57821	362	58086	1529	64390	0	400
1542806624.167	minkomsvyaz.esia.find-account-post	54816	221	60	54144	391	54413	349	64246	0	400
1542806624.993	minkomsvyaz.user_order.set-pension-post	56706	262	104	55981	359	56243	2354	64302	0	400
1542806625.810	minkomsvyaz.user_order.previous-conviction-status-post	32461	93	24	31911	433	32217	1292	64467	0	400
1542806626.621	roskazna.gmp.export-payments-post	34021	123	31	33449	418	33751	318	64235	0	400
1542806627.423	minkomsvyaz.esia.register-account-post	36365	111	25	35884	345	36109	467	64290	0	400
1542806628.217	minkomsvyaz.esia.delete-account-post	53676	228	62	53024	362	53293	587	64268	0	400
1542806629.004	roskazna.gmp.export-charges-post	56394	241	70	55697	386	55961	321	64224	0	400
1542806629.783	minkomsvyaz.esia.recover-account-post	35203	96	24	34026	1057	34850	632	64279	0	400
1542806630.556	minkomsvyaz.esia.register-child-account-post	55595	205	90	54925	375	55205	592	64356	0	400
1542806631.321	minkomsvyaz.esia.register-certificate-post	52804	220	62	52162	360	52432	343	64334	0	400
1542806632.081	roskazna.gmp.import-payments-post	59463	216	59	58826	362	59086	983	64235	0	400
1542806632.833	minkomsvyaz.user_order.pension-status-post	55830	220	58	55184	368	55437	447	64334	0	400
1542806633.580	minkomsvyaz.esia.confirm-account-post	71134	245	67	70179	643	70692	395	64279	0	400
1542806634.321	minkomsvyaz.esia.register-by-simplified-account-post	58069	240	66	57401	362	57661	741	64444	0	400
1542806635.055	roskazna.gmp.export-quittances-post	56694	285	75	55839	495	56226	324	64257	0	400
1542806635.783	rtk.ebs.register-biometric-data-post	44180	239	66	43491	384	43775	880	64268	0	400
1542806636.506	minkomsvyaz.user_order.change-pension-fund-post	58229	248	78	57517	386	57801	1529	64390	0	400
1542806637.222	minkomsvyaz.esia.find-account-post	30579	188	53	29932	406	30220	349	64246	0	400
1542806637.935	minkomsvyaz.user_order.set-pension-post	29838	247	78	29096	417	29380	2354	64302	0	400
1542806638.640	minkomsvyaz.user_order.previous-conviction-status-post	34980	158	56	34468	298	34677	1292	64467	0	400
1542806639.342	roskazna.gmp.export-payments-post	58521	238	65	57726	492	58083	318	64235	0	400
1542806640.038	minkomsvyaz.esia.register-account-post	39537	204	59	38848	426	39159	467	64290	0	400
1542806640.728	minkomsvyaz.esia.delete-account-post	56618	169	46	55989	414	56277	587	64268	0	400
1542806641.415	roskazna.gmp.export-charges-post	45245	140	40	44707	358	44961	321	64224	0	400
1542806642.096	minkomsvyaz.esia.recover-account-post	55326	255	85	54619	367	54888	632	64279	0	400
1542806642.772	minkomsvyaz.esia.register-child-account-post	58354	255	67	57603	429	57919	592	64356	0	400
1542806643.443	minkomsvyaz.esia.register-certificate-post	56468	242	68	55792	366	56065	343	64334	0	400
1542806644.111	roskazna.gmp.import-payments-post	58810	298	71	58073	368	58355	983	64235	0	400
1542806644.775	minkomsvyaz.user_order.pension-status-post	58769	243	65	58090	371	58361	447	64334	0	400
1542806645.433	minkomsvyaz.esia.confirm-account-post	36551	110	25	35976	440	36279	395	64279	0	400
1542806646.087	minkomsvyaz.esia.register-by-simplified-account-post	57546	246	66	56838	396	57137	741	64444	0	400
1542806646.737	roskazna.gmp.export-quittances-post	56748	240	63	56105	340	56352	324	64257	0	400
1542806647.383	rtk.ebs.register-biometric-data-post	56483	295	74	55695	419	55983	880	64268	0	400
1542806648.025	minkomsvyaz.user_order.change-pension-fund-post	55019	233	78	54324	384	54610	1529	64390	0	400
1542806648.665	minkomsvyaz.esia.find-account-post	29325	99	26	28803	397	29096	349	64246	0	400
1542806649.299	minkomsvyaz.user_order.set-pension-post	55764	259	129	55057	319	55274	2354	64302	0	400
1542806649.929	minkomsvyaz.user_order.previous-conviction-status-post	56946	238	71	56175	462	56539	1292	64467	0	400
1542806650.557	roskazna.gmp.export-payments-post	58102	259	85	57396	362	57655	318	64235	0	400
1542806651.179	minkomsvyaz.esia.register-account-post	26712	95	18	26207	392	26478	467	64290	0	400
1542806651.798	minkomsvyaz.esia.delete-account-post	56609	233	63	55995	318	56211	587	64268	0	400
