1542806758.277	minkomsvyaz.user_order.previous-conviction-status-post	25434	100	24	24957	353	25129	1292	64467	0	400
1542806759.277	roskazna.gmp.export-payments-post	59576	290	81	58790	415	59057	318	64235	0	400
1542806760.277	minkomsvyaz.esia.register-account-post	60846	777	70	59649	350	59902	467	64290	0	400
1542806761.278	minkomsvyaz.esia.delete-account-post	59053	507	83	58095	368	58573	587	64268	0	400
1542806762.278	roskazna.gmp.export-charges-post	58232	347	69	57500	316	57734	321	64224	0	400
1542806762.611	minkomsvyaz.esia.recover-account-post	58301	243	65	57589	404	57898	632	64279	0	400
1542806762.943	minkomsvyaz.esia.register-child-account-post	56589	275	65	55873	376	56147	592	64356	0	400
1542806763.277	minkomsvyaz.esia.register-certificate-post	54783	471	85	53854	373	54333	343	64334	0	400
1542806763.611	roskazna.gmp.import-payments-post	58413	291	70	57666	386	57951	983	64235	0	400
1542806763.943	minkomsvyaz.user_order.pension-status-post	57129	237	65	56471	356	56727	447	64334	0	400
1542806764.278	minkomsvyaz.esia.confirm-account-post	57100	280	81	56382	357	56643	395	64279	0	400
1542806764.611	minkomsvyaz.esia.register-by-simplified-account-post	58635	242	66	57960	367	58232	741	64444	0	400
1542806764.943	roskazna.gmp.export-quittances-post	56357	240	66	55672	379	55947	324	64257	0	400
1542806765.278	rtk.ebs.register-biometric-data-post	58139	418	86	57280	355	57728	880	64268	0	400
1542806765.610	minkomsvyaz.user_order.change-pension-fund-post	55452	243	77	54759	373	55034	1529	64390	0	400
1542806765.944	minkomsvyaz.esia.find-account-post	56581	241	65	55862	413	56159	349	64246	0	400
1542806766.277	minkomsvyaz.user_order.set-pension-post	30445	118	26	29917	384	30183	2354	64302	0	400
1542806766.477	minkomsvyaz.user_order.previous-conviction-status-post	57476	243	72	56797	364	57065	1292	64467	0	400
1542806766.677	roskazna.gmp.export-payments-post	57569	236	66	56871	396	57149	318	64235	0	400
1542806766.877	minkomsvyaz.esia.register-account-post	53687	228	63	53034	362	53308	467	64290	0	400
1542806767.078	minkomsvyaz.esia.delete-account-post	69192	243	66	68529	354	68775	587	64268	0	400
1542806767.277	roskazna.gmp.export-charges-post	39413	231	62	38745	375	38979	321	64224	0	400
1542806767.477	minkomsvyaz.esia.recover-account-post	57735	237	66	56950	482	57278	632	64279	0	400
1542806767.678	minkomsvyaz.esia.register-child-account-post	57232	243	64	56485	440	56810	592	64356	0	400
1542806767.877	minkomsvyaz.esia.register-certificate-post	57442	200	51	56733	458	57029	343	64334	0	400
1542806768.077	roskazna.gmp.import-payments-post	56242	247	81	55554	360	55825	983	64235	0	400
1542806768.278	minkomsvyaz.user_order.pension-status-post	57876	266	96	57114	400	57390	447	64334	0	400
1542806768.477	minkomsvyaz.esia.confirm-account-post	58894	232	64	58236	362	58494	395	64279	0	400
1542806768.678	minkomsvyaz.esia.register-by-simplified-account-post	57429	250	65	56741	373	56983	741	64444	0	400
1542806768.877	roskazna.gmp.export-quittances-post	25009	76	18	24543	372	24806	324	64257	0	400
1542806769.077	rtk.ebs.register-biometric-data-post	23431	74	17	23011	329	23227	880	64268	0	400
1542806769.278	minkomsvyaz.user_order.change-pension-fund-post	34115	260	83	33344	428	33681	1529	64390	0	400
1542806769.477	minkomsvyaz.esia.find-account-post	56551	245	65	55875	366	56148	349	64246	0	400
1542806769.677	minkomsvyaz.user_order.set-pension-post	57010	242	85	56340	343	56593	2354	64302	0	400
1542806769.878	minkomsvyaz.user_order.previous-conviction-status-post	30413	132	38	29883	360	30133	1292	64467	0	400
1542806770.077	roskazna.gmp.export-payments-post	57324	226	60	56612	426	56891	318	64235	0	400
1542806770.278	minkomsvyaz.esia.register-account-post	56927	234	62	56264	367	56538	467	64290	0	400
1542806770.419	minkomsvyaz.esia.delete-account-post	41231	171	46	40653	361	40895	587	64268	0	400
1542806770.562	roskazna.gmp.export-charges-post	33765	242	65	33097	361	33363	321	64224	0	400
1542806770.705	minkomsvyaz.esia.recover-account-post	54621	253	65	53951	352	54202	632	64279	0	400
1542806770.848	minkomsvyaz.esia.register-child-account-post	51005	157	43	50479	326	50699	592	64356	0	400
1542806770.992	minkomsvyaz.esia.register-certificate-post	57905	245	64	57240	356	57506	343	64334	0	400
1542806771.135	roskazna.gmp.import-payments-post	58675	263	67	58040	305	58255	983	64235	0	400
1542806771.278	minkomsvyaz.user_order.pension-status-post	56822	452	79	55913	378	56377	447	64334	0	400
1542806771.419	minkomsvyaz.esia.confirm-account-post	30600	86	21	30118	375	30340	395	64279	0	400
1542806771.562	minkomsvyaz.esia.register-by-simplified-account-post	57537	237	63	56884	353	57132	741	64444	0	400
1542806771.706	roskazna.gmp.export-quittances-post	54836	248	63	54148	377	54413	324	64257	0	400
1542806771.849	rtk.ebs.register-biometric-data-post	56414	132	36	55850	396	56126	880	64268	0	400
1542806771.991	minkomsvyaz.user_order.change-pension-fund-post	54317	271	72	53660	314	53892	1529	64390	0	400
1542806772.135	minkomsvyaz.esia.find-account-post	35351	259	89	34635	368	34896	349	64246	0	400
1542806772.277	minkomsvyaz.user_order.set-pension-post	67076	247	111	66373	345	66623	2354	64302	0	400
1542806772.419	minkomsvyaz.user_order.previous-conviction-status-post	57032	275	70	56278	409	56586	1292	64467	0	400
1542806772.562	roskazna.gmp.export-payments-post	56335	160	44	55803	328	56032	318	64235	0	400
1542806772.706	minkomsvyaz.esia.register-account-post	56097	252	67	55420	358	55689	467	64290	0	400
1542806772.849	minkomsvyaz.esia.delete-account-post	38650	124	34	38075	417	38383	587	64268	0	400
1542806772.992	roskazna.gmp.export-charges-post	53986	233	63	53386	304	53601	321	64224	0	400
1542806773.134	minkomsvyaz.esia.recover-account-post	55970	259	65	55270	376	55541	632	64279	0	400
1542806773.277	minkomsvyaz.esia.register-child-account-post	35444	245	66	34709	424	34992	592	64356	0	400
1542806773.419	minkomsvyaz.esia.register-certificate-post	56120	218	62	55452	388	55748	343	64334	0	400
1542806773.563	roskazna.gmp.import-payments-post	31811	94	20	31212	485	31538	983	64235	0	400
1542806773.705	minkomsvyaz.user_order.pension-status-post	34286	239	65	33648	334	33895	447	64334	0	400
1542806773.848	minkomsvyaz.esia.confirm-account-post	34652	114	32	34199	307	34404	395	64279	0	400
1542806773.992	minkomsvyaz.esia.register-by-simplified-account-post	53490	254	67	52829	340	53083	741	64444	0	400
1542806774.134	roskazna.gmp.export-quittances-post	56123	241	66	55464	352	55721	324	64257	0	400
1542806774.278	rtk.ebs.register-biometric-data-post	57251	274	87	56526	364	56803	880	64268	0	400
1542806774.389	minkomsvyaz.user_order.change-pension-fund-post	54424	137	39	53904	344	54129	1529	64390	0	400
1542806774.500	minkomsvyaz.esia.find-account-post	51316	137	37	50364	778	50842	349	64246	0	400
1542806774.611	minkomsvyaz.user_order.set-pension-post	25882	97	26	25472	287	25656	2354	64302	0	400
1542806774.722	minkomsvyaz.user_order.previous-conviction-status-post	69293	243	71	68547	432	68864	1292	64467	0	400
1542806774.833	roskazna.gmp.export-payments-post	35191	86	22	34640	443	34943	318	64235	0	400
1542806774.944	minkomsvyaz.esia.register-account-post	55992	243	64	55276	409	55568	467	64290	0	400
1542806775.054	minkomsvyaz.esia.delete-account-post	49670	122	35	49148	365	49408	587	64268	0	400
1542806775.165	roskazna.gmp.export-charges-post	58045	169	45	57505	326	57722	321	64224	0	400
1542806775.278	minkomsvyaz.esia.recover-account-post	50867	230	53	50199	385	50574	632	64279	0	400
1542806775.389	minkomsvyaz.esia.register-child-account-post	54293	138	36	53736	383	54015	592	64356	0	400
1542806775.499	minkomsvyaz.esia.register-certificate-post	50160	123	57	49587	393	49865	343	64334	0	400
1542806775.610	roskazna.gmp.import-payments-post	25488	87	20	25009	372	25251	983	64235	0	400
1542806775.722	minkomsvyaz.user_order.pension-status-post	58418	250	83	57706	379	57989	447	64334	0	400
1542806775.832	minkomsvyaz.esia.confirm-account-post	57725	222	63	57066	374	57345	395	64279	0	400
1542806775.944	minkomsvyaz.esia.register-by-simplified-account-post	52637	203	59	52029	346	52282	741	64444	0	400
1542806776.054	roskazna.gmp.export-quittances-post	56817	218	57	56205	337	56452	324	64257	0	400
1542806776.165	rtk.ebs.register-biometric-data-post	49350	132	36	48821	361	49083	880	64268	0	400
1542806776.278	minkomsvyaz.user_order.change-pension-fund-post	57252	245	71	56523	413	56834	1529	64390	0	400
1542806776.389	minkomsvyaz.esia.find-account-post	44876	125	30	44374	347	44621	349	64246	0	400
1542806776.500	minkomsvyaz.user_order.set-pension-post	55353	245	78	54675	355	54939	2354	64302	0	400
1542806776.610	minkomsvyaz.user_order.previous-conviction-status-post	35571	177	52	34897	445	35209	1292	64467	0	400
1542806776.722	roskazna.gmp.export-payments-post	58619	241	65	57906	407	58187	318	64235	0	400
1542806776.833	minkomsvyaz.esia.register-account-post	37913	110	31	37434	338	37674	467	64290	0	400
1542806776.944	minkomsvyaz.esia.delete-account-post	56660	247	65	55991	357	56259	587	64268	0	400
1542806777.054	roskazna.gmp.export-charges-post	55632	159	37	55117	319	55334	321	64224	0	400
1542806777.165	minkomsvyaz.esia.recover-account-post	58141	209	67	57528	337	57773	632	64279	0	400
1542806777.277	minkomsvyaz.esia.register-child-account-post	57547	245	67	56847	388	57133	592	64356	0	400
1542806777.388	minkomsvyaz.esia.register-certificate-post	43403	141	35	42833	394	43111	343	64334	0	400
1542806777.499	roskazna.gmp.import-payments-post	57641	296	70	56939	336	57180	983	64235	0	400
1542806777.610	minkomsvyaz.user_order.pension-status-post	57801	143	40	57228	390	57509	447	64334	0	400
1542806777.721	minkomsvyaz.esia.confirm-account-post	31537	103	26	31070	338	31273	395	64279	0	400
1542806777.833	minkomsvyaz.esia.register-by-simplified-account-post	32719	98	26	32205	390	32470	741	64444	0	400
1542806777.943	roskazna.gmp.export-quittances-post	56730	269	70	55927	464	56279	324	64257	0	400
1542806778.054	rtk.ebs.register-biometric-data-post	30892	129	31	30403	329	30619	880	64268	0	400
1542806778.166	minkomsvyaz.user_order.change-pension-fund-post	54657	222	71	54022	342	54277	1529	64390	0	400
