1542808558.890	minkomsvyaz.user_order.previous-conviction-status-post	6435	3365	49	2950	71	6229	1289	3406	0	404
1542808559.891	roskazna.gmp.export-payments-post	13692	739	239	12419	295	12633	315	3343	0	404
1542808560.891	minkomsvyaz.esia.register-account-post	12865	331	68	12072	394	12320	464	3358	0	404
1542808561.890	minkomsvyaz.esia.delete-account-post	13948	342	82	13228	296	13365	584	3352	0	404
1542808562.890	roskazna.gmp.export-charges-post	13547	892	125	12188	342	12737	318	3340	0	404
1542808563.223	minkomsvyaz.esia.recover-account-post	13004	280	80	12238	406	12470	629	3355	0	404
1542808563.556	minkomsvyaz.esia.register-child-account-post	11925	231	61	11355	278	11507	589	3376	0	404
1542808563.890	minkomsvyaz.esia.register-certificate-post	12476	247	78	11933	218	12049	340	3370	0	404
1542808564.223	roskazna.gmp.import-payments-post	12087	285	43	11487	272	11600	980	3343	0	404
1542808564.557	minkomsvyaz.user_order.pension-status-post	11786	243	63	11243	237	11361	444	3370	0	404
1542808564.891	minkomsvyaz.esia.confirm-account-post	11688	250	68	11070	300	11222	392	3355	0	404
1542808565.223	minkomsvyaz.esia.register-by-simplified-account-post	12053	247	82	11403	321	11606	738	3400	0	404
1542808565.557	roskazna.gmp.export-quittances-post	12032	281	66	11384	301	11524	321	3349	0	404
1542808565.891	rtk.ebs.register-biometric-data-post	11921	237	61	11403	220	11506	877	3352	0	404
1542808566.224	minkomsvyaz.user_order.change-pension-fund-post	12912	247	97	12348	220	12474	1526	3385	0	404
1542808566.556	minkomsvyaz.esia.find-account-post	11843	278	68	11285	212	11388	346	3346	0	404
1542808566.891	minkomsvyaz.user_order.set-pension-post	3920	104	23	3678	115	3744	2351	3361	0	404
1542808567.090	minkomsvyaz.user_order.previous-conviction-status-post	11946	259	77	11365	245	11487	1289	3406	0	404
1542808567.290	roskazna.gmp.export-payments-post	11899	249	65	11341	244	11462	315	3343	0	404
1542808567.490	minkomsvyaz.esia.register-account-post	12147	229	63	11493	362	11711	464	3358	0	404
1542808567.690	minkomsvyaz.esia.delete-account-post	13676	245	81	12666	684	13159	584	3352	0	404
1542808567.891	roskazna.gmp.export-charges-post	6462	190	42	6087	143	6168	318	3340	0	404
1542808568.090	minkomsvyaz.esia.recover-account-post	12035	258	70	11373	334	11573	629	3355	0	404
1542808568.290	minkomsvyaz.esia.register-child-account-post	11888	250	66	11405	167	11411	589	3376	0	404
1542808568.490	minkomsvyaz.esia.register-certificate-post	11497	226	63	10971	237	11090	340	3370	0	404
1542808568.691	roskazna.gmp.import-payments-post	12938	229	62	12232	415	12461	980	3343	0	404
1542808568.890	minkomsvyaz.user_order.pension-status-post	11067	272	77	10507	211	10618	444	3370	0	404
1542808569.091	minkomsvyaz.esia.confirm-account-post	12247	227	63	11566	391	11789	392	3355	0	404
1542808569.290	minkomsvyaz.esia.register-by-simplified-account-post	11606	234	62	11023	287	11171	738	3400	0	404
1542808569.490	roskazna.gmp.export-quittances-post	3329	79	18	3141	91	3201	321	3349	0	404
1542808569.691	rtk.ebs.register-biometric-data-post	3085	78	17	2949	41	2963	877	3352	0	404
1542808569.891	minkomsvyaz.user_order.change-pension-fund-post	10997	258	77	10545	117	10616	1526	3385	0	404
1542808570.091	minkomsvyaz.esia.find-account-post	11940	248	65	11453	174	11459	346	3346	0	404
1542808570.290	minkomsvyaz.user_order.set-pension-post	11638	243	82	11025	288	11142	2351	3361	0	404
1542808570.490	minkomsvyaz.user_order.previous-conviction-status-post	5296	119	27	4960	190	5090	1289	3406	0	404
1542808570.690	roskazna.gmp.export-payments-post	11727	248	65	11169	245	11288	315	3343	0	404
1542808570.890	minkomsvyaz.esia.register-account-post	11991	228	76	11295	392	11529	464	3358	0	404
1542808571.032	minkomsvyaz.esia.delete-account-post	3756	94	20	3513	129	3595	584	3352	0	404
1542808571.175	roskazna.gmp.export-charges-post	11879	309	141	11178	251	11301	318	3340	0	404
1542808571.318	minkomsvyaz.esia.recover-account-post	11866	247	83	11295	241	11418	629	3355	0	404
1542808571.461	minkomsvyaz.esia.register-child-account-post	4847	102	25	4511	209	4668	589	3376	0	404
1542808571.604	minkomsvyaz.esia.register-certificate-post	12201	240	87	11634	240	11753	340	3370	0	404
1542808571.747	roskazna.gmp.import-payments-post	11820	262	65	11207	286	11327	980	3343	0	404
1542808571.890	minkomsvyaz.user_order.pension-status-post	12886	242	65	12190	389	12415	444	3370	0	404
1542808572.032	minkomsvyaz.esia.confirm-account-post	13054	245	64	12527	218	12604	392	3355	0	404
1542808572.176	minkomsvyaz.esia.register-by-simplified-account-post	11482	256	65	10883	278	11047	738	3400	0	404
1542808572.318	roskazna.gmp.export-quittances-post	12184	239	65	11560	320	11737	321	3349	0	404
1542808572.461	rtk.ebs.register-biometric-data-post	4831	106	31	4628	66	4657	877	3352	0	404
1542808572.605	minkomsvyaz.user_order.change-pension-fund-post	11880	234	71	11345	230	11462	1526	3385	0	404
1542808572.748	minkomsvyaz.esia.find-account-post	11661	248	66	10966	381	11214	346	3346	0	404
1542808572.891	minkomsvyaz.user_order.set-pension-post	11666	225	73	11108	260	11237	2351	3361	0	404
1542808573.032	minkomsvyaz.user_order.previous-conviction-status-post	11908	249	90	11322	247	11454	1289	3406	0	404
1542808573.175	roskazna.gmp.export-payments-post	3851	129	30	3647	45	3650	315	3343	0	404
1542808573.318	minkomsvyaz.esia.register-account-post	12410	294	79	11845	192	11939	464	3358	0	404
1542808573.461	minkomsvyaz.esia.delete-account-post	4440	99	26	4223	92	4276	584	3352	0	404
1542808573.605	roskazna.gmp.export-charges-post	11933	244	64	11233	392	11458	318	3340	0	404
1542808573.747	minkomsvyaz.esia.recover-account-post	12307	283	67	11477	480	11786	629	3355	0	404
1542808573.890	minkomsvyaz.esia.register-child-account-post	11643	247	66	11027	303	11203	589	3376	0	404
1542808574.033	minkomsvyaz.esia.register-certificate-post	12729	291	87	12050	301	12182	340	3370	0	404
1542808574.175	roskazna.gmp.import-payments-post	14005	288	81	13213	423	13444	980	3343	0	404
1542808574.318	minkomsvyaz.user_order.pension-status-post	12574	485	89	11678	322	11814	444	3370	0	404
1542808574.461	minkomsvyaz.esia.confirm-account-post	3606	84	17	3476	29	3477	392	3355	0	404
1542808574.604	minkomsvyaz.esia.register-by-simplified-account-post	3034	72	16	2896	50	2898	738	3400	0	404
1542808574.748	roskazna.gmp.export-quittances-post	3755	117	21	3573	44	3584	321	3349	0	404
1542808574.891	rtk.ebs.register-biometric-data-post	3166	92	22	3011	41	3013	877	3352	0	404
1542808575.001	minkomsvyaz.user_order.change-pension-fund-post	3533	168	39	3228	98	3296	1526	3385	0	404
1542808575.113	minkomsvyaz.esia.find-account-post	3287	85	20	3112	70	3145	346	3346	0	404
1542808575.223	minkomsvyaz.user_order.set-pension-post	3392	111	30	3144	107	3214	2351	3361	0	404
1542808575.334	minkomsvyaz.user_order.previous-conviction-status-post	3258	82	22	3038	116	3114	1289	3406	0	404
1542808575.446	roskazna.gmp.export-payments-post	7871	238	63	7455	115	7541	315	3343	0	404
1542808575.557	minkomsvyaz.esia.register-account-post	12419	237	65	11883	234	11948	464	3358	0	404
1542808575.667	minkomsvyaz.esia.delete-account-post	7766	187	51	7220	308	7422	584	3352	0	404
1542808575.779	roskazna.gmp.export-charges-post	11821	247	64	11158	352	11378	318	3340	0	404
1542808575.890	minkomsvyaz.esia.recover-account-post	12490	234	62	11899	295	12056	629	3355	0	404
1542808576.002	minkomsvyaz.esia.register-child-account-post	4847	105	25	4587	130	4665	589	3376	0	404
1542808576.113	minkomsvyaz.esia.register-certificate-post	11910	235	63	11215	397	11447	340	3370	0	404
1542808576.223	roskazna.gmp.import-payments-post	12146	242	66	11585	253	11702	980	3343	0	404
1542808576.334	minkomsvyaz.user_order.pension-status-post	3582	74	19	3379	110	3439	444	3370	0	404
1542808576.446	minkomsvyaz.esia.confirm-account-post	11443	238	64	10934	207	11066	392	3355	0	404
1542808576.556	minkomsvyaz.esia.register-by-simplified-account-post	12292	226	61	11764	241	11842	738	3400	0	404
1542808576.667	roskazna.gmp.export-quittances-post	13077	274	54	12453	296	12590	321	3349	0	404
1542808576.778	rtk.ebs.register-biometric-data-post	12419	241	79	11807	292	11971	877	3352	0	404
1542808576.890	minkomsvyaz.user_order.change-pension-fund-post	12124	223	68	11511	322	11640	1526	3385	0	404
1542808577.001	minkomsvyaz.esia.find-account-post	3961	91	27	3784	59	3808	346	3346	0	404
1542808577.113	minkomsvyaz.user_order.set-pension-post	11786	245	79	11273	189	11277	2351	3361	0	404
1542808577.223	minkomsvyaz.user_order.previous-conviction-status-post	11661	230	67	11187	177	11191	1289	3406	0	404
1542808577.334	roskazna.gmp.export-payments-post	4134	99	21	3959	55	3960	315	3343	0	404
1542808577.445	minkomsvyaz.esia.register-account-post	11064	298	92	10530	144	10607	464	3358	0	404
1542808577.556	minkomsvyaz.esia.delete-account-post	12680	226	63	12215	176	12218	584	3352	0	404
1542808577.668	roskazna.gmp.export-charges-post	8164	157	39	7657	311	7834	318	3340	0	404
1542808577.778	minkomsvyaz.esia.recover-account-post	11684	242	64	11210	168	11215	629	3355	0	404
1542808577.891	minkomsvyaz.esia.register-child-account-post	11594	254	62	11111	167	11118	589	3376	0	404
1542808578.001	minkomsvyaz.esia.register-certificate-post	3957	159	32	3660	106	3722	340	3370	0	404
1542808578.112	roskazna.gmp.import-payments-post	13613	251	67	12963	332	13160	980	3343	0	404
1542808578.223	minkomsvyaz.user_order.pension-status-post	11901	237	66	11368	230	11470	444	3370	0	404
1542808578.335	minkomsvyaz.esia.confirm-account-post	11691	247	66	11129	249	11256	392	3355	0	404
1542808578.446	minkomsvyaz.esia.register-by-simplified-account-post	3429	86	20	3226	97	3274	738	3400	0	404
1542808578.556	roskazna.gmp.export-quittances-post	12981	240	62	12346	333	12537	321	3349	0	404
1542808578.667	rtk.ebs.register-biometric-data-post	11328	264	81	10763	220	10865	877	3352	0	404
1542808578.778	minkomsvyaz.user_order.change-pension-fund-post	12236	244	74	11654	264	11765	1526	3385	0	404
